The system is: Linux - 3.2.0-98-generic - x86_64
Compiling the C compiler identification source file "CMakeCCompilerId.c" succeeded.
Compiler: /opt/tools/gcc-4.9.1/bin/gcc 
Build flags: 
Id flags: 

The output was:
0


Compilation of the C compiler identification source "CMakeCCompilerId.c" produced "a.out"

The C compiler identification is GNU, found in "/usr2/home/miguel/stack-lstm-ner-git/stack-lstm-ner/CMakeFiles/CompilerIdC/a.out"

Compiling the CXX compiler identification source file "CMakeCXXCompilerId.cpp" succeeded.
Compiler: /opt/tools/gcc-4.9.1/bin/c++ 
Build flags: 
Id flags: 

The output was:
0


Compilation of the CXX compiler identification source "CMakeCXXCompilerId.cpp" produced "a.out"

The CXX compiler identification is GNU, found in "/usr2/home/miguel/stack-lstm-ner-git/stack-lstm-ner/CMakeFiles/CompilerIdCXX/a.out"

Determining if the C compiler works passed with the following output:
Change Dir: /usr2/home/miguel/stack-lstm-ner-git/stack-lstm-ner/CMakeFiles/CMakeTmp

Run Build Command:/usr/bin/make "cmTryCompileExec/fast"
/usr/bin/make -f CMakeFiles/cmTryCompileExec.dir/build.make CMakeFiles/cmTryCompileExec.dir/build
make[1]: Entering directory `/usr2/home/miguel/stack-lstm-ner-git/stack-lstm-ner/CMakeFiles/CMakeTmp'
/usr/bin/cmake -E cmake_progress_report /usr2/home/miguel/stack-lstm-ner-git/stack-lstm-ner/CMakeFiles/CMakeTmp/CMakeFiles 1
Building C object CMakeFiles/cmTryCompileExec.dir/testCCompiler.c.o
/opt/tools/gcc-4.9.1/bin/gcc    -o CMakeFiles/cmTryCompileExec.dir/testCCompiler.c.o   -c /usr2/home/miguel/stack-lstm-ner-git/stack-lstm-ner/CMakeFiles/CMakeTmp/testCCompiler.c
Linking C executable cmTryCompileExec
/usr/bin/cmake -E cmake_link_script CMakeFiles/cmTryCompileExec.dir/link.txt --verbose=1
/opt/tools/gcc-4.9.1/bin/gcc         CMakeFiles/cmTryCompileExec.dir/testCCompiler.c.o  -o cmTryCompileExec -rdynamic 
make[1]: Leaving directory `/usr2/home/miguel/stack-lstm-ner-git/stack-lstm-ner/CMakeFiles/CMakeTmp'


Detecting C compiler ABI info compiled with the following output:
Change Dir: /usr2/home/miguel/stack-lstm-ner-git/stack-lstm-ner/CMakeFiles/CMakeTmp

Run Build Command:/usr/bin/make "cmTryCompileExec/fast"
/usr/bin/make -f CMakeFiles/cmTryCompileExec.dir/build.make CMakeFiles/cmTryCompileExec.dir/build
make[1]: Entering directory `/usr2/home/miguel/stack-lstm-ner-git/stack-lstm-ner/CMakeFiles/CMakeTmp'
/usr/bin/cmake -E cmake_progress_report /usr2/home/miguel/stack-lstm-ner-git/stack-lstm-ner/CMakeFiles/CMakeTmp/CMakeFiles 1
Building C object CMakeFiles/cmTryCompileExec.dir/CMakeCCompilerABI.c.o
/opt/tools/gcc-4.9.1/bin/gcc    -o CMakeFiles/cmTryCompileExec.dir/CMakeCCompilerABI.c.o   -c /usr/share/cmake-2.8/Modules/CMakeCCompilerABI.c
Linking C executable cmTryCompileExec
/usr/bin/cmake -E cmake_link_script CMakeFiles/cmTryCompileExec.dir/link.txt --verbose=1
/opt/tools/gcc-4.9.1/bin/gcc       -v CMakeFiles/cmTryCompileExec.dir/CMakeCCompilerABI.c.o  -o cmTryCompileExec -rdynamic  
Using built-in specs.
COLLECT_GCC=/opt/tools/gcc-4.9.1/bin/gcc
COLLECT_LTO_WRAPPER=/opt/tools/gcc-4.9.1/libexec/gcc/x86_64-unknown-linux-gnu/4.9.1/lto-wrapper
Target: x86_64-unknown-linux-gnu
Configured with: /usr0/home/cdyer/gcc/gcc-4.9.1/configure --prefix=/opt/tools/gcc-4.9.1 --enable-languages=c,c++
Thread model: posix
gcc version 4.9.1 (GCC) 
COMPILER_PATH=/opt/tools/gcc-4.9.1/libexec/gcc/x86_64-unknown-linux-gnu/4.9.1/:/opt/tools/gcc-4.9.1/libexec/gcc/x86_64-unknown-linux-gnu/4.9.1/:/opt/tools/gcc-4.9.1/libexec/gcc/x86_64-unknown-linux-gnu/:/opt/tools/gcc-4.9.1/lib/gcc/x86_64-unknown-linux-gnu/4.9.1/:/opt/tools/gcc-4.9.1/lib/gcc/x86_64-unknown-linux-gnu/
LIBRARY_PATH=/opt/tools/gcc-4.9.1/lib64/../lib64/:/opt/tools/gcc-4.9.1/lib/gcc/x86_64-unknown-linux-gnu/4.9.1/:/opt/tools/gcc-4.9.1/lib/gcc/x86_64-unknown-linux-gnu/4.9.1/../../../../lib64/:/lib/x86_64-linux-gnu/:/lib/../lib64/:/usr/lib/x86_64-linux-gnu/:/opt/tools/gcc-4.9.1/lib64/:/opt/tools/boost_1_56_0/lib/:/opt/tools/gcc-4.9.1/lib/gcc/x86_64-unknown-linux-gnu/4.9.1/../../../:/lib/:/usr/lib/
COLLECT_GCC_OPTIONS='-v' '-o' 'cmTryCompileExec' '-rdynamic' '-mtune=generic' '-march=x86-64'
 /opt/tools/gcc-4.9.1/libexec/gcc/x86_64-unknown-linux-gnu/4.9.1/collect2 -plugin /opt/tools/gcc-4.9.1/libexec/gcc/x86_64-unknown-linux-gnu/4.9.1/liblto_plugin.so -plugin-opt=/opt/tools/gcc-4.9.1/libexec/gcc/x86_64-unknown-linux-gnu/4.9.1/lto-wrapper -plugin-opt=-fresolution=/tmp/ccmmSakK.res -plugin-opt=-pass-through=-lgcc -plugin-opt=-pass-through=-lgcc_s -plugin-opt=-pass-through=-lc -plugin-opt=-pass-through=-lgcc -plugin-opt=-pass-through=-lgcc_s --eh-frame-hdr -m elf_x86_64 -export-dynamic -dynamic-linker /lib64/ld-linux-x86-64.so.2 -o cmTryCompileExec /usr/lib/x86_64-linux-gnu/crt1.o /usr/lib/x86_64-linux-gnu/crti.o /opt/tools/gcc-4.9.1/lib/gcc/x86_64-unknown-linux-gnu/4.9.1/crtbegin.o -L/opt/tools/gcc-4.9.1/lib64/../lib64 -L/opt/tools/gcc-4.9.1/lib/gcc/x86_64-unknown-linux-gnu/4.9.1 -L/opt/tools/gcc-4.9.1/lib/gcc/x86_64-unknown-linux-gnu/4.9.1/../../../../lib64 -L/lib/x86_64-linux-gnu -L/lib/../lib64 -L/usr/lib/x86_64-linux-gnu -L/opt/tools/gcc-4.9.1/lib64 -L/opt/tools/boost_1_56_0/lib -L/opt/tools/gcc-4.9.1/lib/gcc/x86_64-unknown-linux-gnu/4.9.1/../../.. CMakeFiles/cmTryCompileExec.dir/CMakeCCompilerABI.c.o -lgcc --as-needed -lgcc_s --no-as-needed -lc -lgcc --as-needed -lgcc_s --no-as-needed /opt/tools/gcc-4.9.1/lib/gcc/x86_64-unknown-linux-gnu/4.9.1/crtend.o /usr/lib/x86_64-linux-gnu/crtn.o
make[1]: Leaving directory `/usr2/home/miguel/stack-lstm-ner-git/stack-lstm-ner/CMakeFiles/CMakeTmp'


Parsed C implicit link information from above output:
  link line regex: [^( *|.*[/\])(ld|ld|collect2)[^/\]*( |$)]
  ignore line: [Change Dir: /usr2/home/miguel/stack-lstm-ner-git/stack-lstm-ner/CMakeFiles/CMakeTmp]
  ignore line: []
  ignore line: [Run Build Command:/usr/bin/make "cmTryCompileExec/fast"]
  ignore line: [/usr/bin/make -f CMakeFiles/cmTryCompileExec.dir/build.make CMakeFiles/cmTryCompileExec.dir/build]
  ignore line: [make[1]: Entering directory `/usr2/home/miguel/stack-lstm-ner-git/stack-lstm-ner/CMakeFiles/CMakeTmp']
  ignore line: [/usr/bin/cmake -E cmake_progress_report /usr2/home/miguel/stack-lstm-ner-git/stack-lstm-ner/CMakeFiles/CMakeTmp/CMakeFiles 1]
  ignore line: [Building C object CMakeFiles/cmTryCompileExec.dir/CMakeCCompilerABI.c.o]
  ignore line: [/opt/tools/gcc-4.9.1/bin/gcc    -o CMakeFiles/cmTryCompileExec.dir/CMakeCCompilerABI.c.o   -c /usr/share/cmake-2.8/Modules/CMakeCCompilerABI.c]
  ignore line: [Linking C executable cmTryCompileExec]
  ignore line: [/usr/bin/cmake -E cmake_link_script CMakeFiles/cmTryCompileExec.dir/link.txt --verbose=1]
  ignore line: [/opt/tools/gcc-4.9.1/bin/gcc       -v CMakeFiles/cmTryCompileExec.dir/CMakeCCompilerABI.c.o  -o cmTryCompileExec -rdynamic  ]
  ignore line: [Using built-in specs.]
  ignore line: [COLLECT_GCC=/opt/tools/gcc-4.9.1/bin/gcc]
  ignore line: [COLLECT_LTO_WRAPPER=/opt/tools/gcc-4.9.1/libexec/gcc/x86_64-unknown-linux-gnu/4.9.1/lto-wrapper]
  ignore line: [Target: x86_64-unknown-linux-gnu]
  ignore line: [Configured with: /usr0/home/cdyer/gcc/gcc-4.9.1/configure --prefix=/opt/tools/gcc-4.9.1 --enable-languages=c,c++]
  ignore line: [Thread model: posix]
  ignore line: [gcc version 4.9.1 (GCC) ]
  ignore line: [COMPILER_PATH=/opt/tools/gcc-4.9.1/libexec/gcc/x86_64-unknown-linux-gnu/4.9.1/:/opt/tools/gcc-4.9.1/libexec/gcc/x86_64-unknown-linux-gnu/4.9.1/:/opt/tools/gcc-4.9.1/libexec/gcc/x86_64-unknown-linux-gnu/:/opt/tools/gcc-4.9.1/lib/gcc/x86_64-unknown-linux-gnu/4.9.1/:/opt/tools/gcc-4.9.1/lib/gcc/x86_64-unknown-linux-gnu/]
  ignore line: [LIBRARY_PATH=/opt/tools/gcc-4.9.1/lib64/../lib64/:/opt/tools/gcc-4.9.1/lib/gcc/x86_64-unknown-linux-gnu/4.9.1/:/opt/tools/gcc-4.9.1/lib/gcc/x86_64-unknown-linux-gnu/4.9.1/../../../../lib64/:/lib/x86_64-linux-gnu/:/lib/../lib64/:/usr/lib/x86_64-linux-gnu/:/opt/tools/gcc-4.9.1/lib64/:/opt/tools/boost_1_56_0/lib/:/opt/tools/gcc-4.9.1/lib/gcc/x86_64-unknown-linux-gnu/4.9.1/../../../:/lib/:/usr/lib/]
  ignore line: [COLLECT_GCC_OPTIONS='-v' '-o' 'cmTryCompileExec' '-rdynamic' '-mtune=generic' '-march=x86-64']
  link line: [ /opt/tools/gcc-4.9.1/libexec/gcc/x86_64-unknown-linux-gnu/4.9.1/collect2 -plugin /opt/tools/gcc-4.9.1/libexec/gcc/x86_64-unknown-linux-gnu/4.9.1/liblto_plugin.so -plugin-opt=/opt/tools/gcc-4.9.1/libexec/gcc/x86_64-unknown-linux-gnu/4.9.1/lto-wrapper -plugin-opt=-fresolution=/tmp/ccmmSakK.res -plugin-opt=-pass-through=-lgcc -plugin-opt=-pass-through=-lgcc_s -plugin-opt=-pass-through=-lc -plugin-opt=-pass-through=-lgcc -plugin-opt=-pass-through=-lgcc_s --eh-frame-hdr -m elf_x86_64 -export-dynamic -dynamic-linker /lib64/ld-linux-x86-64.so.2 -o cmTryCompileExec /usr/lib/x86_64-linux-gnu/crt1.o /usr/lib/x86_64-linux-gnu/crti.o /opt/tools/gcc-4.9.1/lib/gcc/x86_64-unknown-linux-gnu/4.9.1/crtbegin.o -L/opt/tools/gcc-4.9.1/lib64/../lib64 -L/opt/tools/gcc-4.9.1/lib/gcc/x86_64-unknown-linux-gnu/4.9.1 -L/opt/tools/gcc-4.9.1/lib/gcc/x86_64-unknown-linux-gnu/4.9.1/../../../../lib64 -L/lib/x86_64-linux-gnu -L/lib/../lib64 -L/usr/lib/x86_64-linux-gnu -L/opt/tools/gcc-4.9.1/lib64 -L/opt/tools/boost_1_56_0/lib -L/opt/tools/gcc-4.9.1/lib/gcc/x86_64-unknown-linux-gnu/4.9.1/../../.. CMakeFiles/cmTryCompileExec.dir/CMakeCCompilerABI.c.o -lgcc --as-needed -lgcc_s --no-as-needed -lc -lgcc --as-needed -lgcc_s --no-as-needed /opt/tools/gcc-4.9.1/lib/gcc/x86_64-unknown-linux-gnu/4.9.1/crtend.o /usr/lib/x86_64-linux-gnu/crtn.o]
    arg [/opt/tools/gcc-4.9.1/libexec/gcc/x86_64-unknown-linux-gnu/4.9.1/collect2] ==> ignore
    arg [-plugin] ==> ignore
    arg [/opt/tools/gcc-4.9.1/libexec/gcc/x86_64-unknown-linux-gnu/4.9.1/liblto_plugin.so] ==> ignore
    arg [-plugin-opt=/opt/tools/gcc-4.9.1/libexec/gcc/x86_64-unknown-linux-gnu/4.9.1/lto-wrapper] ==> ignore
    arg [-plugin-opt=-fresolution=/tmp/ccmmSakK.res] ==> ignore
    arg [-plugin-opt=-pass-through=-lgcc] ==> ignore
    arg [-plugin-opt=-pass-through=-lgcc_s] ==> ignore
    arg [-plugin-opt=-pass-through=-lc] ==> ignore
    arg [-plugin-opt=-pass-through=-lgcc] ==> ignore
    arg [-plugin-opt=-pass-through=-lgcc_s] ==> ignore
    arg [--eh-frame-hdr] ==> ignore
    arg [-m] ==> ignore
    arg [elf_x86_64] ==> ignore
    arg [-export-dynamic] ==> ignore
    arg [-dynamic-linker] ==> ignore
    arg [/lib64/ld-linux-x86-64.so.2] ==> ignore
    arg [-o] ==> ignore
    arg [cmTryCompileExec] ==> ignore
    arg [/usr/lib/x86_64-linux-gnu/crt1.o] ==> ignore
    arg [/usr/lib/x86_64-linux-gnu/crti.o] ==> ignore
    arg [/opt/tools/gcc-4.9.1/lib/gcc/x86_64-unknown-linux-gnu/4.9.1/crtbegin.o] ==> ignore
    arg [-L/opt/tools/gcc-4.9.1/lib64/../lib64] ==> dir [/opt/tools/gcc-4.9.1/lib64/../lib64]
    arg [-L/opt/tools/gcc-4.9.1/lib/gcc/x86_64-unknown-linux-gnu/4.9.1] ==> dir [/opt/tools/gcc-4.9.1/lib/gcc/x86_64-unknown-linux-gnu/4.9.1]
    arg [-L/opt/tools/gcc-4.9.1/lib/gcc/x86_64-unknown-linux-gnu/4.9.1/../../../../lib64] ==> dir [/opt/tools/gcc-4.9.1/lib/gcc/x86_64-unknown-linux-gnu/4.9.1/../../../../lib64]
    arg [-L/lib/x86_64-linux-gnu] ==> dir [/lib/x86_64-linux-gnu]
    arg [-L/lib/../lib64] ==> dir [/lib/../lib64]
    arg [-L/usr/lib/x86_64-linux-gnu] ==> dir [/usr/lib/x86_64-linux-gnu]
    arg [-L/opt/tools/gcc-4.9.1/lib64] ==> dir [/opt/tools/gcc-4.9.1/lib64]
    arg [-L/opt/tools/boost_1_56_0/lib] ==> dir [/opt/tools/boost_1_56_0/lib]
    arg [-L/opt/tools/gcc-4.9.1/lib/gcc/x86_64-unknown-linux-gnu/4.9.1/../../..] ==> dir [/opt/tools/gcc-4.9.1/lib/gcc/x86_64-unknown-linux-gnu/4.9.1/../../..]
    arg [CMakeFiles/cmTryCompileExec.dir/CMakeCCompilerABI.c.o] ==> ignore
    arg [-lgcc] ==> lib [gcc]
    arg [--as-needed] ==> ignore
    arg [-lgcc_s] ==> lib [gcc_s]
    arg [--no-as-needed] ==> ignore
    arg [-lc] ==> lib [c]
    arg [-lgcc] ==> lib [gcc]
    arg [--as-needed] ==> ignore
    arg [-lgcc_s] ==> lib [gcc_s]
    arg [--no-as-needed] ==> ignore
    arg [/opt/tools/gcc-4.9.1/lib/gcc/x86_64-unknown-linux-gnu/4.9.1/crtend.o] ==> ignore
    arg [/usr/lib/x86_64-linux-gnu/crtn.o] ==> ignore
  remove lib [gcc]
  remove lib [gcc_s]
  remove lib [gcc]
  remove lib [gcc_s]
  collapse dir [/opt/tools/gcc-4.9.1/lib64/../lib64] ==> [/opt/tools/gcc-4.9.1/lib64]
  collapse dir [/opt/tools/gcc-4.9.1/lib/gcc/x86_64-unknown-linux-gnu/4.9.1] ==> [/opt/tools/gcc-4.9.1/lib/gcc/x86_64-unknown-linux-gnu/4.9.1]
  collapse dir [/opt/tools/gcc-4.9.1/lib/gcc/x86_64-unknown-linux-gnu/4.9.1/../../../../lib64] ==> [/opt/tools/gcc-4.9.1/lib64]
  collapse dir [/lib/x86_64-linux-gnu] ==> [/lib/x86_64-linux-gnu]
  collapse dir [/lib/../lib64] ==> [/lib64]
  collapse dir [/usr/lib/x86_64-linux-gnu] ==> [/usr/lib/x86_64-linux-gnu]
  collapse dir [/opt/tools/gcc-4.9.1/lib64] ==> [/opt/tools/gcc-4.9.1/lib64]
  collapse dir [/opt/tools/boost_1_56_0/lib] ==> [/opt/tools/boost_1_56_0/lib]
  collapse dir [/opt/tools/gcc-4.9.1/lib/gcc/x86_64-unknown-linux-gnu/4.9.1/../../..] ==> [/opt/tools/gcc-4.9.1/lib]
  implicit libs: [c]
  implicit dirs: [/opt/tools/gcc-4.9.1/lib64;/opt/tools/gcc-4.9.1/lib/gcc/x86_64-unknown-linux-gnu/4.9.1;/lib/x86_64-linux-gnu;/lib64;/usr/lib/x86_64-linux-gnu;/opt/tools/boost_1_56_0/lib;/opt/tools/gcc-4.9.1/lib]


Determining if the CXX compiler works passed with the following output:
Change Dir: /usr2/home/miguel/stack-lstm-ner-git/stack-lstm-ner/CMakeFiles/CMakeTmp

Run Build Command:/usr/bin/make "cmTryCompileExec/fast"
/usr/bin/make -f CMakeFiles/cmTryCompileExec.dir/build.make CMakeFiles/cmTryCompileExec.dir/build
make[1]: Entering directory `/usr2/home/miguel/stack-lstm-ner-git/stack-lstm-ner/CMakeFiles/CMakeTmp'
/usr/bin/cmake -E cmake_progress_report /usr2/home/miguel/stack-lstm-ner-git/stack-lstm-ner/CMakeFiles/CMakeTmp/CMakeFiles 1
Building CXX object CMakeFiles/cmTryCompileExec.dir/testCXXCompiler.cxx.o
/opt/tools/gcc-4.9.1/bin/c++     -o CMakeFiles/cmTryCompileExec.dir/testCXXCompiler.cxx.o -c /usr2/home/miguel/stack-lstm-ner-git/stack-lstm-ner/CMakeFiles/CMakeTmp/testCXXCompiler.cxx
Linking CXX executable cmTryCompileExec
/usr/bin/cmake -E cmake_link_script CMakeFiles/cmTryCompileExec.dir/link.txt --verbose=1
/opt/tools/gcc-4.9.1/bin/c++          CMakeFiles/cmTryCompileExec.dir/testCXXCompiler.cxx.o  -o cmTryCompileExec -rdynamic 
make[1]: Leaving directory `/usr2/home/miguel/stack-lstm-ner-git/stack-lstm-ner/CMakeFiles/CMakeTmp'


Detecting CXX compiler ABI info compiled with the following output:
Change Dir: /usr2/home/miguel/stack-lstm-ner-git/stack-lstm-ner/CMakeFiles/CMakeTmp

Run Build Command:/usr/bin/make "cmTryCompileExec/fast"
/usr/bin/make -f CMakeFiles/cmTryCompileExec.dir/build.make CMakeFiles/cmTryCompileExec.dir/build
make[1]: Entering directory `/usr2/home/miguel/stack-lstm-ner-git/stack-lstm-ner/CMakeFiles/CMakeTmp'
/usr/bin/cmake -E cmake_progress_report /usr2/home/miguel/stack-lstm-ner-git/stack-lstm-ner/CMakeFiles/CMakeTmp/CMakeFiles 1
Building CXX object CMakeFiles/cmTryCompileExec.dir/CMakeCXXCompilerABI.cpp.o
/opt/tools/gcc-4.9.1/bin/c++     -o CMakeFiles/cmTryCompileExec.dir/CMakeCXXCompilerABI.cpp.o -c /usr/share/cmake-2.8/Modules/CMakeCXXCompilerABI.cpp
Linking CXX executable cmTryCompileExec
/usr/bin/cmake -E cmake_link_script CMakeFiles/cmTryCompileExec.dir/link.txt --verbose=1
/opt/tools/gcc-4.9.1/bin/c++        -v CMakeFiles/cmTryCompileExec.dir/CMakeCXXCompilerABI.cpp.o  -o cmTryCompileExec -rdynamic  
Using built-in specs.
COLLECT_GCC=/opt/tools/gcc-4.9.1/bin/c++
COLLECT_LTO_WRAPPER=/opt/tools/gcc-4.9.1/libexec/gcc/x86_64-unknown-linux-gnu/4.9.1/lto-wrapper
Target: x86_64-unknown-linux-gnu
Configured with: /usr0/home/cdyer/gcc/gcc-4.9.1/configure --prefix=/opt/tools/gcc-4.9.1 --enable-languages=c,c++
Thread model: posix
gcc version 4.9.1 (GCC) 
COMPILER_PATH=/opt/tools/gcc-4.9.1/libexec/gcc/x86_64-unknown-linux-gnu/4.9.1/:/opt/tools/gcc-4.9.1/libexec/gcc/x86_64-unknown-linux-gnu/4.9.1/:/opt/tools/gcc-4.9.1/libexec/gcc/x86_64-unknown-linux-gnu/:/opt/tools/gcc-4.9.1/lib/gcc/x86_64-unknown-linux-gnu/4.9.1/:/opt/tools/gcc-4.9.1/lib/gcc/x86_64-unknown-linux-gnu/
LIBRARY_PATH=/opt/tools/gcc-4.9.1/lib64/../lib64/:/opt/tools/gcc-4.9.1/lib/gcc/x86_64-unknown-linux-gnu/4.9.1/:/opt/tools/gcc-4.9.1/lib/gcc/x86_64-unknown-linux-gnu/4.9.1/../../../../lib64/:/lib/x86_64-linux-gnu/:/lib/../lib64/:/usr/lib/x86_64-linux-gnu/:/opt/tools/gcc-4.9.1/lib64/:/opt/tools/boost_1_56_0/lib/:/opt/tools/gcc-4.9.1/lib/gcc/x86_64-unknown-linux-gnu/4.9.1/../../../:/lib/:/usr/lib/
COLLECT_GCC_OPTIONS='-v' '-o' 'cmTryCompileExec' '-rdynamic' '-shared-libgcc' '-mtune=generic' '-march=x86-64'
 /opt/tools/gcc-4.9.1/libexec/gcc/x86_64-unknown-linux-gnu/4.9.1/collect2 -plugin /opt/tools/gcc-4.9.1/libexec/gcc/x86_64-unknown-linux-gnu/4.9.1/liblto_plugin.so -plugin-opt=/opt/tools/gcc-4.9.1/libexec/gcc/x86_64-unknown-linux-gnu/4.9.1/lto-wrapper -plugin-opt=-fresolution=/tmp/ccJbam5X.res -plugin-opt=-pass-through=-lgcc_s -plugin-opt=-pass-through=-lgcc -plugin-opt=-pass-through=-lc -plugin-opt=-pass-through=-lgcc_s -plugin-opt=-pass-through=-lgcc --eh-frame-hdr -m elf_x86_64 -export-dynamic -dynamic-linker /lib64/ld-linux-x86-64.so.2 -o cmTryCompileExec /usr/lib/x86_64-linux-gnu/crt1.o /usr/lib/x86_64-linux-gnu/crti.o /opt/tools/gcc-4.9.1/lib/gcc/x86_64-unknown-linux-gnu/4.9.1/crtbegin.o -L/opt/tools/gcc-4.9.1/lib64/../lib64 -L/opt/tools/gcc-4.9.1/lib/gcc/x86_64-unknown-linux-gnu/4.9.1 -L/opt/tools/gcc-4.9.1/lib/gcc/x86_64-unknown-linux-gnu/4.9.1/../../../../lib64 -L/lib/x86_64-linux-gnu -L/lib/../lib64 -L/usr/lib/x86_64-linux-gnu -L/opt/tools/gcc-4.9.1/lib64 -L/opt/tools/boost_1_56_0/lib -L/opt/tools/gcc-4.9.1/lib/gcc/x86_64-unknown-linux-gnu/4.9.1/../../.. CMakeFiles/cmTryCompileExec.dir/CMakeCXXCompilerABI.cpp.o -lstdc++ -lm -lgcc_s -lgcc -lc -lgcc_s -lgcc /opt/tools/gcc-4.9.1/lib/gcc/x86_64-unknown-linux-gnu/4.9.1/crtend.o /usr/lib/x86_64-linux-gnu/crtn.o
make[1]: Leaving directory `/usr2/home/miguel/stack-lstm-ner-git/stack-lstm-ner/CMakeFiles/CMakeTmp'


Parsed CXX implicit link information from above output:
  link line regex: [^( *|.*[/\])(ld|ld|collect2)[^/\]*( |$)]
  ignore line: [Change Dir: /usr2/home/miguel/stack-lstm-ner-git/stack-lstm-ner/CMakeFiles/CMakeTmp]
  ignore line: []
  ignore line: [Run Build Command:/usr/bin/make "cmTryCompileExec/fast"]
  ignore line: [/usr/bin/make -f CMakeFiles/cmTryCompileExec.dir/build.make CMakeFiles/cmTryCompileExec.dir/build]
  ignore line: [make[1]: Entering directory `/usr2/home/miguel/stack-lstm-ner-git/stack-lstm-ner/CMakeFiles/CMakeTmp']
  ignore line: [/usr/bin/cmake -E cmake_progress_report /usr2/home/miguel/stack-lstm-ner-git/stack-lstm-ner/CMakeFiles/CMakeTmp/CMakeFiles 1]
  ignore line: [Building CXX object CMakeFiles/cmTryCompileExec.dir/CMakeCXXCompilerABI.cpp.o]
  ignore line: [/opt/tools/gcc-4.9.1/bin/c++     -o CMakeFiles/cmTryCompileExec.dir/CMakeCXXCompilerABI.cpp.o -c /usr/share/cmake-2.8/Modules/CMakeCXXCompilerABI.cpp]
  ignore line: [Linking CXX executable cmTryCompileExec]
  ignore line: [/usr/bin/cmake -E cmake_link_script CMakeFiles/cmTryCompileExec.dir/link.txt --verbose=1]
  ignore line: [/opt/tools/gcc-4.9.1/bin/c++        -v CMakeFiles/cmTryCompileExec.dir/CMakeCXXCompilerABI.cpp.o  -o cmTryCompileExec -rdynamic  ]
  ignore line: [Using built-in specs.]
  ignore line: [COLLECT_GCC=/opt/tools/gcc-4.9.1/bin/c++]
  ignore line: [COLLECT_LTO_WRAPPER=/opt/tools/gcc-4.9.1/libexec/gcc/x86_64-unknown-linux-gnu/4.9.1/lto-wrapper]
  ignore line: [Target: x86_64-unknown-linux-gnu]
  ignore line: [Configured with: /usr0/home/cdyer/gcc/gcc-4.9.1/configure --prefix=/opt/tools/gcc-4.9.1 --enable-languages=c,c++]
  ignore line: [Thread model: posix]
  ignore line: [gcc version 4.9.1 (GCC) ]
  ignore line: [COMPILER_PATH=/opt/tools/gcc-4.9.1/libexec/gcc/x86_64-unknown-linux-gnu/4.9.1/:/opt/tools/gcc-4.9.1/libexec/gcc/x86_64-unknown-linux-gnu/4.9.1/:/opt/tools/gcc-4.9.1/libexec/gcc/x86_64-unknown-linux-gnu/:/opt/tools/gcc-4.9.1/lib/gcc/x86_64-unknown-linux-gnu/4.9.1/:/opt/tools/gcc-4.9.1/lib/gcc/x86_64-unknown-linux-gnu/]
  ignore line: [LIBRARY_PATH=/opt/tools/gcc-4.9.1/lib64/../lib64/:/opt/tools/gcc-4.9.1/lib/gcc/x86_64-unknown-linux-gnu/4.9.1/:/opt/tools/gcc-4.9.1/lib/gcc/x86_64-unknown-linux-gnu/4.9.1/../../../../lib64/:/lib/x86_64-linux-gnu/:/lib/../lib64/:/usr/lib/x86_64-linux-gnu/:/opt/tools/gcc-4.9.1/lib64/:/opt/tools/boost_1_56_0/lib/:/opt/tools/gcc-4.9.1/lib/gcc/x86_64-unknown-linux-gnu/4.9.1/../../../:/lib/:/usr/lib/]
  ignore line: [COLLECT_GCC_OPTIONS='-v' '-o' 'cmTryCompileExec' '-rdynamic' '-shared-libgcc' '-mtune=generic' '-march=x86-64']
  link line: [ /opt/tools/gcc-4.9.1/libexec/gcc/x86_64-unknown-linux-gnu/4.9.1/collect2 -plugin /opt/tools/gcc-4.9.1/libexec/gcc/x86_64-unknown-linux-gnu/4.9.1/liblto_plugin.so -plugin-opt=/opt/tools/gcc-4.9.1/libexec/gcc/x86_64-unknown-linux-gnu/4.9.1/lto-wrapper -plugin-opt=-fresolution=/tmp/ccJbam5X.res -plugin-opt=-pass-through=-lgcc_s -plugin-opt=-pass-through=-lgcc -plugin-opt=-pass-through=-lc -plugin-opt=-pass-through=-lgcc_s -plugin-opt=-pass-through=-lgcc --eh-frame-hdr -m elf_x86_64 -export-dynamic -dynamic-linker /lib64/ld-linux-x86-64.so.2 -o cmTryCompileExec /usr/lib/x86_64-linux-gnu/crt1.o /usr/lib/x86_64-linux-gnu/crti.o /opt/tools/gcc-4.9.1/lib/gcc/x86_64-unknown-linux-gnu/4.9.1/crtbegin.o -L/opt/tools/gcc-4.9.1/lib64/../lib64 -L/opt/tools/gcc-4.9.1/lib/gcc/x86_64-unknown-linux-gnu/4.9.1 -L/opt/tools/gcc-4.9.1/lib/gcc/x86_64-unknown-linux-gnu/4.9.1/../../../../lib64 -L/lib/x86_64-linux-gnu -L/lib/../lib64 -L/usr/lib/x86_64-linux-gnu -L/opt/tools/gcc-4.9.1/lib64 -L/opt/tools/boost_1_56_0/lib -L/opt/tools/gcc-4.9.1/lib/gcc/x86_64-unknown-linux-gnu/4.9.1/../../.. CMakeFiles/cmTryCompileExec.dir/CMakeCXXCompilerABI.cpp.o -lstdc++ -lm -lgcc_s -lgcc -lc -lgcc_s -lgcc /opt/tools/gcc-4.9.1/lib/gcc/x86_64-unknown-linux-gnu/4.9.1/crtend.o /usr/lib/x86_64-linux-gnu/crtn.o]
    arg [/opt/tools/gcc-4.9.1/libexec/gcc/x86_64-unknown-linux-gnu/4.9.1/collect2] ==> ignore
    arg [-plugin] ==> ignore
    arg [/opt/tools/gcc-4.9.1/libexec/gcc/x86_64-unknown-linux-gnu/4.9.1/liblto_plugin.so] ==> ignore
    arg [-plugin-opt=/opt/tools/gcc-4.9.1/libexec/gcc/x86_64-unknown-linux-gnu/4.9.1/lto-wrapper] ==> ignore
    arg [-plugin-opt=-fresolution=/tmp/ccJbam5X.res] ==> ignore
    arg [-plugin-opt=-pass-through=-lgcc_s] ==> ignore
    arg [-plugin-opt=-pass-through=-lgcc] ==> ignore
    arg [-plugin-opt=-pass-through=-lc] ==> ignore
    arg [-plugin-opt=-pass-through=-lgcc_s] ==> ignore
    arg [-plugin-opt=-pass-through=-lgcc] ==> ignore
    arg [--eh-frame-hdr] ==> ignore
    arg [-m] ==> ignore
    arg [elf_x86_64] ==> ignore
    arg [-export-dynamic] ==> ignore
    arg [-dynamic-linker] ==> ignore
    arg [/lib64/ld-linux-x86-64.so.2] ==> ignore
    arg [-o] ==> ignore
    arg [cmTryCompileExec] ==> ignore
    arg [/usr/lib/x86_64-linux-gnu/crt1.o] ==> ignore
    arg [/usr/lib/x86_64-linux-gnu/crti.o] ==> ignore
    arg [/opt/tools/gcc-4.9.1/lib/gcc/x86_64-unknown-linux-gnu/4.9.1/crtbegin.o] ==> ignore
    arg [-L/opt/tools/gcc-4.9.1/lib64/../lib64] ==> dir [/opt/tools/gcc-4.9.1/lib64/../lib64]
    arg [-L/opt/tools/gcc-4.9.1/lib/gcc/x86_64-unknown-linux-gnu/4.9.1] ==> dir [/opt/tools/gcc-4.9.1/lib/gcc/x86_64-unknown-linux-gnu/4.9.1]
    arg [-L/opt/tools/gcc-4.9.1/lib/gcc/x86_64-unknown-linux-gnu/4.9.1/../../../../lib64] ==> dir [/opt/tools/gcc-4.9.1/lib/gcc/x86_64-unknown-linux-gnu/4.9.1/../../../../lib64]
    arg [-L/lib/x86_64-linux-gnu] ==> dir [/lib/x86_64-linux-gnu]
    arg [-L/lib/../lib64] ==> dir [/lib/../lib64]
    arg [-L/usr/lib/x86_64-linux-gnu] ==> dir [/usr/lib/x86_64-linux-gnu]
    arg [-L/opt/tools/gcc-4.9.1/lib64] ==> dir [/opt/tools/gcc-4.9.1/lib64]
    arg [-L/opt/tools/boost_1_56_0/lib] ==> dir [/opt/tools/boost_1_56_0/lib]
    arg [-L/opt/tools/gcc-4.9.1/lib/gcc/x86_64-unknown-linux-gnu/4.9.1/../../..] ==> dir [/opt/tools/gcc-4.9.1/lib/gcc/x86_64-unknown-linux-gnu/4.9.1/../../..]
    arg [CMakeFiles/cmTryCompileExec.dir/CMakeCXXCompilerABI.cpp.o] ==> ignore
    arg [-lstdc++] ==> lib [stdc++]
    arg [-lm] ==> lib [m]
    arg [-lgcc_s] ==> lib [gcc_s]
    arg [-lgcc] ==> lib [gcc]
    arg [-lc] ==> lib [c]
    arg [-lgcc_s] ==> lib [gcc_s]
    arg [-lgcc] ==> lib [gcc]
    arg [/opt/tools/gcc-4.9.1/lib/gcc/x86_64-unknown-linux-gnu/4.9.1/crtend.o] ==> ignore
    arg [/usr/lib/x86_64-linux-gnu/crtn.o] ==> ignore
  remove lib [gcc_s]
  remove lib [gcc]
  remove lib [gcc_s]
  remove lib [gcc]
  collapse dir [/opt/tools/gcc-4.9.1/lib64/../lib64] ==> [/opt/tools/gcc-4.9.1/lib64]
  collapse dir [/opt/tools/gcc-4.9.1/lib/gcc/x86_64-unknown-linux-gnu/4.9.1] ==> [/opt/tools/gcc-4.9.1/lib/gcc/x86_64-unknown-linux-gnu/4.9.1]
  collapse dir [/opt/tools/gcc-4.9.1/lib/gcc/x86_64-unknown-linux-gnu/4.9.1/../../../../lib64] ==> [/opt/tools/gcc-4.9.1/lib64]
  collapse dir [/lib/x86_64-linux-gnu] ==> [/lib/x86_64-linux-gnu]
  collapse dir [/lib/../lib64] ==> [/lib64]
  collapse dir [/usr/lib/x86_64-linux-gnu] ==> [/usr/lib/x86_64-linux-gnu]
  collapse dir [/opt/tools/gcc-4.9.1/lib64] ==> [/opt/tools/gcc-4.9.1/lib64]
  collapse dir [/opt/tools/boost_1_56_0/lib] ==> [/opt/tools/boost_1_56_0/lib]
  collapse dir [/opt/tools/gcc-4.9.1/lib/gcc/x86_64-unknown-linux-gnu/4.9.1/../../..] ==> [/opt/tools/gcc-4.9.1/lib]
  implicit libs: [stdc++;m;c]
  implicit dirs: [/opt/tools/gcc-4.9.1/lib64;/opt/tools/gcc-4.9.1/lib/gcc/x86_64-unknown-linux-gnu/4.9.1;/lib/x86_64-linux-gnu;/lib64;/usr/lib/x86_64-linux-gnu;/opt/tools/boost_1_56_0/lib;/opt/tools/gcc-4.9.1/lib]


